1505783445261	geckodriver	INFO	geckodriver 0.19.0
1505783445268	geckodriver	INFO	Listening on 127.0.0.1:63739
1505783462739	geckodriver	INFO	geckodriver 0.19.0
1505783462745	geckodriver	INFO	Listening on 127.0.0.1:63817
1505783469659	geckodriver	INFO	geckodriver 0.19.0
1505783469667	geckodriver	INFO	Listening on 127.0.0.1:63856
1505783547554	geckodriver	INFO	geckodriver 0.19.0
1505783547561	geckodriver	INFO	Listening on 127.0.0.1:64208
1505783553857	geckodriver	INFO	geckodriver 0.19.0
1505783553867	geckodriver	INFO	Listening on 127.0.0.1:64242
1505783583359	geckodriver	INFO	geckodriver 0.19.0
1505783583365	geckodriver	INFO	Listening on 127.0.0.1:64384
1505783588725	geckodriver	INFO	geckodriver 0.19.0
1505783588731	geckodriver	INFO	Listening on 127.0.0.1:64415
1505783591952	geckodriver	INFO	geckodriver 0.19.0
1505783591958	geckodriver	INFO	Listening on 127.0.0.1:64437
1505783594579	geckodriver	INFO	geckodriver 0.19.0
1505783594587	geckodriver	INFO	Listening on 127.0.0.1:64459
1505783783493	geckodriver	INFO	geckodriver 0.19.0
1505783783501	geckodriver	INFO	Listening on 127.0.0.1:65308
1505783784606	mozrunner::runner	INFO	Running command: "/Applications/Firefox.app/Contents/MacOS/firefox-bin" "-marionette" "-profile" "/var/folders/bg/599qb7vx17jc1yxhxw_8hv240000gn/T/rust_mozprofile.tXj07WCGz8Lu"
1505783785377	addons.xpi	WARN	Error parsing extensions state: [Exception... "Component returned failure code: 0x80520012 (NS_ERROR_FILE_NOT_FOUND) [amIAddonManagerStartup.readStartupData]"  nsresult: "0x80520012 (NS_ERROR_FILE_NOT_FOUND)"  location: "JS frame :: resource://gre/modules/addons/XPIProvider.jsm :: loadExtensionState :: line 1596"  data: no] Stack trace: loadExtensionState()@resource://gre/modules/addons/XPIProvider.jsm:1596 < getInstallState()@resource://gre/modules/addons/XPIProvider.jsm:1631 < checkForChanges()@resource://gre/modules/addons/XPIProvider.jsm:3152 < startup()@resource://gre/modules/addons/XPIProvider.jsm:2246 < callProvider()@resource://gre/modules/AddonManager.jsm:271 < _startProvider()@resource://gre/modules/AddonManager.jsm:741 < startup()@resource://gre/modules/AddonManager.jsm:908 < startup()@resource://gre/modules/AddonManager.jsm:3122 < observe()@jar:file:///Applications/Firefox.app/Contents/Resources/omni.ja!/components/addonManager.js:65
1505783786082	Marionette	INFO	Enabled via --marionette
2017-09-18 21:16:28.631 plugin-container[5897:1741106] *** CFMessagePort: bootstrap_register(): failed 1100 (0x44c) 'Permission denied', port = 0xa33f, name = 'com.apple.tsm.portname'
See /usr/include/servers/bootstrap_defs.h for the error codes.
2017-09-18 21:16:28.632 plugin-container[5897:1741106] *** CFMessagePort: bootstrap_register(): failed 1100 (0x44c) 'Permission denied', port = 0xa603, name = 'com.apple.CFPasteboardClient'
See /usr/include/servers/bootstrap_defs.h for the error codes.
1505783789169	Marionette	INFO	Listening on port 65321
JavaScript error: chrome://marionette/content/server.js, line 337: NS_ERROR_SOCKET_ADDRESS_IN_USE: Component returned failure code: 0x804b0036 (NS_ERROR_SOCKET_ADDRESS_IN_USE) [nsIServerSocket.initSpecialConnection]
1505783789210	Marionette	WARN	TLS certificate errors will be ignored for this session
1505783789295	Marionette	DEBUG	loaded listener.js
1505783789326	Marionette	DEBUG	Received DOM event "beforeunload" for "about:blank"
1505783789420	Marionette	DEBUG	Received DOM event "pagehide" for "about:blank"
1505783789421	Marionette	DEBUG	Received DOM event "unload" for "about:blank"
1505783789703	Marionette	DEBUG	Received DOM event "DOMContentLoaded" for "http://ec2-13-59-141-174.us-east-2.compute.amazonaws.com/"
1505783789717	Marionette	DEBUG	Received DOM event "pageshow" for "http://ec2-13-59-141-174.us-east-2.compute.amazonaws.com/"
1505783792146	Marionette	DEBUG	Canceled page load listener because no navigation has been detected
1505783792321	Marionette	DEBUG	Received DOM event "beforeunload" for "http://ec2-13-59-141-174.us-east-2.compute.amazonaws.com/"
1505783792426	Marionette	DEBUG	Received DOM event "pagehide" for "http://ec2-13-59-141-174.us-east-2.compute.amazonaws.com/"
1505783792426	Marionette	DEBUG	Received DOM event "unload" for "http://ec2-13-59-141-174.us-east-2.compute.amazonaws.com/"
1505783792476	Marionette	DEBUG	Received DOM event "DOMContentLoaded" for "resource://devtools/client/jsonview/"
1505783792507	Marionette	DEBUG	Received DOM event "pageshow" for "resource://devtools/client/jsonview/"
1505783796556	Marionette	INFO	New connections will no longer be accepted
1505783865832	geckodriver	INFO	geckodriver 0.19.0
1505783865843	geckodriver	INFO	Listening on 127.0.0.1:49392
1505783866932	mozrunner::runner	INFO	Running command: "/Applications/Firefox.app/Contents/MacOS/firefox-bin" "-marionette" "-profile" "/var/folders/bg/599qb7vx17jc1yxhxw_8hv240000gn/T/rust_mozprofile.fG8LnkKG6WxW"
1505783867860	addons.xpi	WARN	Error parsing extensions state: [Exception... "Component returned failure code: 0x80520012 (NS_ERROR_FILE_NOT_FOUND) [amIAddonManagerStartup.readStartupData]"  nsresult: "0x80520012 (NS_ERROR_FILE_NOT_FOUND)"  location: "JS frame :: resource://gre/modules/addons/XPIProvider.jsm :: loadExtensionState :: line 1596"  data: no] Stack trace: loadExtensionState()@resource://gre/modules/addons/XPIProvider.jsm:1596 < getInstallState()@resource://gre/modules/addons/XPIProvider.jsm:1631 < checkForChanges()@resource://gre/modules/addons/XPIProvider.jsm:3152 < startup()@resource://gre/modules/addons/XPIProvider.jsm:2246 < callProvider()@resource://gre/modules/AddonManager.jsm:271 < _startProvider()@resource://gre/modules/AddonManager.jsm:741 < startup()@resource://gre/modules/AddonManager.jsm:908 < startup()@resource://gre/modules/AddonManager.jsm:3122 < observe()@jar:file:///Applications/Firefox.app/Contents/Resources/omni.ja!/components/addonManager.js:65
1505783868560	Marionette	INFO	Enabled via --marionette
2017-09-18 21:17:51.190 plugin-container[5913:1743540] *** CFMessagePort: bootstrap_register(): failed 1100 (0x44c) 'Permission denied', port = 0xa437, name = 'com.apple.tsm.portname'
See /usr/include/servers/bootstrap_defs.h for the error codes.
2017-09-18 21:17:51.193 plugin-container[5913:1743540] *** CFMessagePort: bootstrap_register(): failed 1100 (0x44c) 'Permission denied', port = 0xa703, name = 'com.apple.CFPasteboardClient'
See /usr/include/servers/bootstrap_defs.h for the error codes.
1505783871511	Marionette	INFO	Listening on port 49405
1505783871542	Marionette	WARN	TLS certificate errors will be ignored for this session
JavaScript error: chrome://marionette/content/server.js, line 337: NS_ERROR_SOCKET_ADDRESS_IN_USE: Component returned failure code: 0x804b0036 (NS_ERROR_SOCKET_ADDRESS_IN_USE) [nsIServerSocket.initSpecialConnection]
1505783871591	Marionette	DEBUG	loaded listener.js
1505783871620	Marionette	DEBUG	Received DOM event "beforeunload" for "about:blank"
1505783871735	Marionette	DEBUG	Received DOM event "pagehide" for "about:blank"
1505783871736	Marionette	DEBUG	Received DOM event "unload" for "about:blank"
1505783871937	Marionette	DEBUG	Received DOM event "DOMContentLoaded" for "http://localhost:8080/"
1505783871955	Marionette	DEBUG	Received DOM event "pageshow" for "http://localhost:8080/"
1505783874479	Marionette	DEBUG	Canceled page load listener because no navigation has been detected
1505783874801	Marionette	DEBUG	Canceled page load listener because no navigation has been detected
1505783880981	Marionette	INFO	New connections will no longer be accepted
